2025-08-22 02:39:49.496626 [Debug] - Parsing script cmd line args.
2025-08-22 02:39:49.496751 [Debug] - Os Type Detected: 1
2025-08-22 02:39:49.496762 [Debug] - Validating args
2025-08-22 02:39:49.497137 [Debug] - Installer Phase: Startup, OsType: 1, Target: LocalMoonraker
2025-08-22 02:39:49.497473 [Info] - Creating new session for https://octoeverywhere.com
2025-08-22 02:39:49.498473 [Info] - Ensuring that time sync is enabled...
2025-08-22 02:39:50.002438 [Debug] - RunShellCommand - sudo apt -y purge ntp ntpdate ntpsec-ntpdate - return: 0; error - 
WARNING: apt does not have a stable CLI interface. Use with caution in scripts.


2025-08-22 02:39:50.002461 [Debug] - TimeSync System Command Success. Cmd: sudo apt -y purge ntp ntpdate ntpsec-ntpdate
2025-08-22 02:39:50.462245 [Debug] - RunShellCommand - sudo apt install -y systemd-timesyncd - return: 0; error - 
WARNING: apt does not have a stable CLI interface. Use with caution in scripts.


2025-08-22 02:39:50.462267 [Debug] - TimeSync System Command Success. Cmd: sudo apt install -y systemd-timesyncd
2025-08-22 02:39:50.540828 [Debug] - RunShellCommand - sudo timedatectl status - return: 0; error - 
2025-08-22 02:39:50.540852 [Debug] - TimeSync Status:
               Local time: Fr 2025-08-22 02:39:50 CEST
           Universal time: Fr 2025-08-22 00:39:50 UTC
                 RTC time: Fr 2025-08-22 00:39:50
                Time zone: Europe/Berlin (CEST, +0200)
System clock synchronized: yes
              NTP service: active
          RTC in local TZ: no
 
2025-08-22 02:39:50.879764 [Debug] - RunShellCommand - sudo systemctl daemon-reload - return: 0; error - 
2025-08-22 02:39:50.879786 [Debug] - TimeSync System Command Success. Cmd: sudo systemctl daemon-reload
2025-08-22 02:39:51.219926 [Debug] - RunShellCommand - sudo systemctl enable systemd-timesyncd - return: 0; error - 
2025-08-22 02:39:51.219949 [Debug] - TimeSync System Command Success. Cmd: sudo systemctl enable systemd-timesyncd
2025-08-22 02:39:51.318986 [Debug] - RunShellCommand - sudo systemctl restart systemd-timesyncd - return: 0; error - 
2025-08-22 02:39:51.319010 [Debug] - TimeSync System Command Success. Cmd: sudo systemctl restart systemd-timesyncd
2025-08-22 02:39:51.382464 [Debug] - RunShellCommand - sudo timedatectl set-ntp on - return: 0; error - 
2025-08-22 02:39:51.382488 [Debug] - TimeSync System Command Success. Cmd: sudo timedatectl set-ntp on
2025-08-22 02:39:51.413780 [Debug] - RunShellCommand - sudo timedatectl status - return: 0; error - 
2025-08-22 02:39:51.413829 [Debug] - TimeSync Status:
               Local time: Fr 2025-08-22 02:39:51 CEST
           Universal time: Fr 2025-08-22 00:39:51 UTC
                 RTC time: Fr 2025-08-22 00:39:51
                Time zone: Europe/Berlin (CEST, +0200)
System clock synchronized: yes
              NTP service: active
          RTC in local TZ: no
 
2025-08-22 02:39:51.414293 [Info] - Installing system library dependencies. You might ask to enter your password...
2025-08-22 02:39:51.427365 [Debug] - RunShellCommand - sudo time - return: 1; error - sudo: time: Befehl nicht gefunden

2025-08-22 02:39:51.427590 [Debug] - Installing ffmpeg, this might take a moment...
2025-08-22 02:39:51.427639 [Debug] - Starting discovery.
2025-08-22 02:39:51.427649 [Debug] - Discovery - Service Files
2025-08-22 02:39:51.427708 [Debug] -  /etc/systemd/system/KlipperScreen.service
2025-08-22 02:39:51.427734 [Debug] -  /etc/systemd/system/dbus-fi.w1.wpa_supplicant1.service
2025-08-22 02:39:51.427752 [Debug] -  /etc/systemd/system/dbus-org.freedesktop.ModemManager1.service
2025-08-22 02:39:51.427769 [Debug] -  /etc/systemd/system/dbus-org.freedesktop.nm-dispatcher.service
2025-08-22 02:39:51.427785 [Debug] -  /etc/systemd/system/dbus-org.freedesktop.timesync1.service
2025-08-22 02:39:51.427802 [Debug] -  /etc/systemd/system/default.target
2025-08-22 02:39:51.427819 [Debug] -  /etc/systemd/system/getty.target.wants
2025-08-22 02:39:51.427874 [Debug] -    /etc/systemd/system/getty.target.wants/getty@tty1.service
2025-08-22 02:39:51.427894 [Debug] -  /etc/systemd/system/klipper.service
2025-08-22 02:39:51.427910 [Debug] -  /etc/systemd/system/mobileraker.service
2025-08-22 02:39:51.427925 [Debug] -  /etc/systemd/system/moonraker-telegram-bot.service
2025-08-22 02:39:51.427940 [Debug] -  /etc/systemd/system/moonraker.service
2025-08-22 02:39:51.427955 [Debug] -  /etc/systemd/system/multi-user.target.wants
2025-08-22 02:39:51.428003 [Debug] -    /etc/systemd/system/multi-user.target.wants/KlipperScreen.service
2025-08-22 02:39:51.428021 [Debug] -    /etc/systemd/system/multi-user.target.wants/ModemManager.service
2025-08-22 02:39:51.428037 [Debug] -    /etc/systemd/system/multi-user.target.wants/NetworkManager.service
2025-08-22 02:39:51.428053 [Debug] -    /etc/systemd/system/multi-user.target.wants/console-setup.service
2025-08-22 02:39:51.428069 [Debug] -    /etc/systemd/system/multi-user.target.wants/cron.service
2025-08-22 02:39:51.428085 [Debug] -    /etc/systemd/system/multi-user.target.wants/e2scrub_reap.service
2025-08-22 02:39:51.428101 [Debug] -    /etc/systemd/system/multi-user.target.wants/klipper.service
2025-08-22 02:39:51.428116 [Debug] -    /etc/systemd/system/multi-user.target.wants/mobileraker.service
2025-08-22 02:39:51.428132 [Debug] -    /etc/systemd/system/multi-user.target.wants/moonraker-telegram-bot.service
2025-08-22 02:39:51.428147 [Debug] -    /etc/systemd/system/multi-user.target.wants/moonraker.service
2025-08-22 02:39:51.428163 [Debug] -    /etc/systemd/system/multi-user.target.wants/networking.service
2025-08-22 02:39:51.428178 [Debug] -    /etc/systemd/system/multi-user.target.wants/nginx.service
2025-08-22 02:39:51.428193 [Debug] -    /etc/systemd/system/multi-user.target.wants/remote-fs.target
2025-08-22 02:39:51.428210 [Debug] -    /etc/systemd/system/multi-user.target.wants/ssh.service
2025-08-22 02:39:51.428225 [Debug] -    /etc/systemd/system/multi-user.target.wants/wpa_supplicant.service
2025-08-22 02:39:51.428242 [Debug] -  /etc/systemd/system/network-online.target.wants
2025-08-22 02:39:51.428276 [Debug] -    /etc/systemd/system/network-online.target.wants/NetworkManager-wait-online.service
2025-08-22 02:39:51.428294 [Debug] -    /etc/systemd/system/network-online.target.wants/networking.service
2025-08-22 02:39:51.428310 [Debug] -  /etc/systemd/system/sshd.service
2025-08-22 02:39:51.428326 [Debug] -  /etc/systemd/system/sysinit.target.wants
2025-08-22 02:39:51.428360 [Debug] -    /etc/systemd/system/sysinit.target.wants/apparmor.service
2025-08-22 02:39:51.428377 [Debug] -    /etc/systemd/system/sysinit.target.wants/keyboard-setup.service
2025-08-22 02:39:51.428393 [Debug] -    /etc/systemd/system/sysinit.target.wants/systemd-pstore.service
2025-08-22 02:39:51.428408 [Debug] -    /etc/systemd/system/sysinit.target.wants/systemd-timesyncd.service
2025-08-22 02:39:51.428424 [Debug] -  /etc/systemd/system/timers.target.wants
2025-08-22 02:39:51.428461 [Debug] -    /etc/systemd/system/timers.target.wants/apt-daily-upgrade.timer
2025-08-22 02:39:51.428478 [Debug] -    /etc/systemd/system/timers.target.wants/apt-daily.timer
2025-08-22 02:39:51.428494 [Debug] -    /etc/systemd/system/timers.target.wants/dpkg-db-backup.timer
2025-08-22 02:39:51.428510 [Debug] -    /etc/systemd/system/timers.target.wants/e2scrub_all.timer
2025-08-22 02:39:51.428526 [Debug] -    /etc/systemd/system/timers.target.wants/fstrim.timer
2025-08-22 02:39:51.428541 [Debug] -    /etc/systemd/system/timers.target.wants/logrotate.timer
2025-08-22 02:39:51.428557 [Debug] -    /etc/systemd/system/timers.target.wants/man-db.timer
2025-08-22 02:39:51.430990 [Debug] - Discovery - Config Files In Home Path
2025-08-22 02:39:51.569351 [Debug] -      /home/jkuntzsch/KlipperScreen/config/defaults.conf
2025-08-22 02:39:51.569386 [Debug] -      /home/jkuntzsch/KlipperScreen/config/main_menu.conf
2025-08-22 02:39:51.569403 [Debug] -      /home/jkuntzsch/KlipperScreen/config/move_menu.conf
2025-08-22 02:39:51.569419 [Debug] -      /home/jkuntzsch/KlipperScreen/config/print_menu.conf
2025-08-22 02:39:51.569437 [Debug] -      /home/jkuntzsch/KlipperScreen/config/splash_menu.conf
2025-08-22 02:39:51.584496 [Debug] -      /home/jkuntzsch/KlipperScreen/styles/base.conf
2025-08-22 02:39:51.600163 [Debug] -        /home/jkuntzsch/KlipperScreen/styles/colorized/style.conf
2025-08-22 02:39:51.601107 [Debug] -        /home/jkuntzsch/KlipperScreen/styles/material-dark/style.conf
2025-08-22 02:39:51.620630 [Debug] -        /home/jkuntzsch/KlipperScreen/styles/material-darker/style.conf
2025-08-22 02:39:51.621606 [Debug] -        /home/jkuntzsch/KlipperScreen/styles/material-light/style.conf
2025-08-22 02:39:51.624094 [Debug] -        /home/jkuntzsch/KlipperScreen/styles/z-bolt/style.conf
2025-08-22 02:39:51.733569 [Debug] -            /home/jkuntzsch/kiauh/kiauh/components/moonraker/assets/moonraker.conf
2025-08-22 02:39:51.735148 [Debug] -            /home/jkuntzsch/kiauh/kiauh/components/webui_client/assets/common_vars.conf
2025-08-22 02:39:51.735194 [Debug] -            /home/jkuntzsch/kiauh/kiauh/components/webui_client/assets/upstreams.conf
2025-08-22 02:39:51.747542 [Debug] -            /home/jkuntzsch/kiauh/kiauh/extensions/pretty_gcode/assets/pgcode.local.conf
2025-08-22 02:39:51.751187 [Debug] -      /home/jkuntzsch/kiauh/resources/common_vars.conf
2025-08-22 02:39:51.751559 [Debug] -      /home/jkuntzsch/kiauh/resources/moonraker.conf
2025-08-22 02:39:51.751875 [Debug] -      /home/jkuntzsch/kiauh/resources/upstreams.conf
2025-08-22 02:39:51.753569 [Debug] -        /home/jkuntzsch/kiauh-backups/printer-data-backups/printer_data-20250724-231041/moonraker.conf
2025-08-22 02:39:51.898792 [Debug] -    /home/jkuntzsch/mainsail-config/mainsail-moonraker-update.conf
2025-08-22 02:39:51.918064 [Debug] -      /home/jkuntzsch/moonraker/docs/moonraker.conf
2025-08-22 02:39:51.920049 [Debug] -          /home/jkuntzsch/moonraker/tests/assets/moonraker/base_server.conf
2025-08-22 02:39:51.920071 [Debug] -          /home/jkuntzsch/moonraker/tests/assets/moonraker/base_server_ssl.conf
2025-08-22 02:39:51.920087 [Debug] -          /home/jkuntzsch/moonraker/tests/assets/moonraker/invalid_config.conf
2025-08-22 02:39:51.920118 [Debug] -          /home/jkuntzsch/moonraker/tests/assets/moonraker/supplemental.conf
2025-08-22 02:39:51.920134 [Debug] -          /home/jkuntzsch/moonraker/tests/assets/moonraker/unparsed_server.conf
2025-08-22 02:39:52.009838 [Debug] -        /home/jkuntzsch/moonraker-telegram-bot/tests/resources/secrets.conf
2025-08-22 02:39:52.009879 [Debug] -        /home/jkuntzsch/moonraker-telegram-bot/tests/resources/telegram.conf
2025-08-22 02:39:52.009902 [Debug] -        /home/jkuntzsch/moonraker-telegram-bot/tests/resources/telegram_minimal.conf
2025-08-22 02:39:52.009925 [Debug] -        /home/jkuntzsch/moonraker-telegram-bot/tests/resources/telegram_secrets.conf
2025-08-22 02:39:52.124710 [Debug] -      /home/jkuntzsch/printer_data/config/KlipperScreen.conf
2025-08-22 02:39:52.124786 [Debug] -      /home/jkuntzsch/printer_data/config/mobileraker.conf
2025-08-22 02:39:52.124803 [Debug] -      /home/jkuntzsch/printer_data/config/moonraker.conf
2025-08-22 02:39:52.124871 [Debug] -      /home/jkuntzsch/printer_data/config/telegram.conf
2025-08-22 02:39:52.132238 [Debug] - Searching for moonraker config for /etc/systemd/system/moonraker-telegram-bot.service
2025-08-22 02:39:52.132364 [Debug] - Moonraker config file not found for service file [/etc/systemd/system/moonraker-telegram-bot.service]
2025-08-22 02:39:52.132416 [Debug] - [Unit]

2025-08-22 02:39:52.132423 [Debug] - Description=Moonraker Telegram Bot SV1

2025-08-22 02:39:52.132430 [Debug] - Documentation=https://github.com/nlef/moonraker-telegram-bot/wiki

2025-08-22 02:39:52.132436 [Debug] - After=network-online.target

2025-08-22 02:39:52.132442 [Debug] - 

2025-08-22 02:39:52.132447 [Debug] - [Install]

2025-08-22 02:39:52.132453 [Debug] - WantedBy=multi-user.target

2025-08-22 02:39:52.132460 [Debug] - 

2025-08-22 02:39:52.132465 [Debug] - [Service]

2025-08-22 02:39:52.132471 [Debug] - Type=simple

2025-08-22 02:39:52.132477 [Debug] - User=jkuntzsch

2025-08-22 02:39:52.132482 [Debug] - WorkingDirectory=/home/jkuntzsch/moonraker-telegram-bot

2025-08-22 02:39:52.132487 [Debug] - EnvironmentFile=/home/jkuntzsch/printer_data/systemd/moonraker-telegram-bot.env

2025-08-22 02:39:52.132493 [Debug] - ExecStart=/home/jkuntzsch/moonraker-telegram-bot-env/bin/python $TELEGRAM_BOT_ARGS

2025-08-22 02:39:52.132498 [Debug] - Restart=always

2025-08-22 02:39:52.132503 [Debug] - RestartSec=10

2025-08-22 02:39:52.132520 [Debug] - Searching for moonraker config for /etc/systemd/system/moonraker.service
2025-08-22 02:39:52.132572 [Debug] - Found possible path line: EnvironmentFile=/home/jkuntzsch/printer_data/systemd/moonraker.env

2025-08-22 02:39:52.132586 [Debug] - Parsed moonraker config path is [/home/jkuntzsch/printer_data/systemd/moonraker.env] - From env parse.
2025-08-22 02:39:52.132777 [Debug] - Moonraker config found in /home/jkuntzsch/printer_data/config
2025-08-22 02:39:52.132797 [Debug] - Moonraker service [/etc/systemd/system/moonraker.service] matched to [/home/jkuntzsch/printer_data/config/moonraker.conf]
2025-08-22 02:39:52.132817 [Debug] - Only one moonraker instance was found, so we are using it! [moonraker.service:/home/jkuntzsch/printer_data/config/moonraker.conf]
2025-08-22 02:39:52.137118 [Info] - Starting configuration...
2025-08-22 02:39:52.137159 [Debug] - Moonraker Service File Name: moonraker.service, Suffix: ''
2025-08-22 02:39:52.137195 [Debug] - Printer data folder: /home/jkuntzsch/printer_data
2025-08-22 02:39:52.137214 [Debug] - Enuring path and permissions [/home/jkuntzsch/printer_data/octoeverywhere-store]...
2025-08-22 02:39:52.137256 [Debug] - Dir doesn't exist, creating...
2025-08-22 02:39:52.137395 [Debug] - Setting owner permissions to the service user [jkuntzsch]...
2025-08-22 02:39:52.137495 [Debug] - Directory setup successfully.
2025-08-22 02:39:52.137691 [Debug] - Configured. Service: octoeverywhere, Path: /etc/systemd/system/octoeverywhere.service, LocalStorage: /home/jkuntzsch/printer_data/octoeverywhere-store, Config Dir: /home/jkuntzsch/printer_data/config, Logs: /home/jkuntzsch/printer_data/logs
2025-08-22 02:39:52.137759 [Debug] - Starting Web Interface Setup
2025-08-22 02:39:52.146738 [Debug] - Frontend check failed. 127.0.0.1:4408 HTTPConnectionPool(host='127.0.0.1', port=4408): Max retries exceeded with url: / (Caused by NewConnectionError('<urllib3.connection.HTTPConnection object at 0x7fd766edf610>: Failed to establish a new connection: [Errno 111] Connection refused'))
2025-08-22 02:39:52.158241 [Debug] - Frontend check failed. 127.0.0.1:4409 HTTPConnectionPool(host='127.0.0.1', port=4409): Max retries exceeded with url: / (Caused by NewConnectionError('<urllib3.connection.HTTPConnection object at 0x7fd766f09710>: Failed to establish a new connection: [Errno 111] Connection refused'))
2025-08-22 02:39:52.167611 [Debug] - Frontend check failed. 127.0.0.1:81 HTTPConnectionPool(host='127.0.0.1', port=81): Max retries exceeded with url: / (Caused by NewConnectionError('<urllib3.connection.HTTPConnection object at 0x7fd766f09110>: Failed to establish a new connection: [Errno 111] Connection refused'))
2025-08-22 02:39:52.168824 [Debug] - Frontend check failed. 127.0.0.1:443 HTTPConnectionPool(host='127.0.0.1', port=443): Max retries exceeded with url: / (Caused by NewConnectionError('<urllib3.connection.HTTPConnection object at 0x7fd766f0d510>: Failed to establish a new connection: [Errno 111] Connection refused'))
2025-08-22 02:39:52.169630 [Debug] - Frontend check failed. 127.0.0.1:8819 HTTPConnectionPool(host='127.0.0.1', port=8819): Max retries exceeded with url: / (Caused by NewConnectionError('<urllib3.connection.HTTPConnection object at 0x7fd766f0b550>: Failed to establish a new connection: [Errno 111] Connection refused'))
2025-08-22 02:39:52.182652 [Debug] - Frontend check failed. 127.0.0.1:3030 HTTPConnectionPool(host='127.0.0.1', port=3030): Max retries exceeded with url: / (Caused by NewConnectionError('<urllib3.connection.HTTPConnection object at 0x7fd766edd5d0>: Failed to establish a new connection: [Errno 111] Connection refused'))
2025-08-22 02:39:52.182942 [Info] - Only one frontend was found [Mainsail - 80] so we will use it for remote access.
2025-08-22 02:39:52.183063 [Debug] - Creating main plugin config file.
2025-08-22 02:39:52.194918 [Debug] - Installer Phase: NewPrinterId, OsType: 1, Target: LocalMoonraker
2025-08-22 02:39:52.213987 [Info] - Finishing system dependencies install. This might take a moment...
2025-08-22 02:39:52.763527 [Debug] - RunShellCommand - sudo apt-get install ffmpeg -y - return: 0; error - 
2025-08-22 02:39:52.763563 [Debug] - FFmpeg install result. Code: 0, StdOut: Paketlisten werden gelesen…
Abhängigkeitsbaum wird aufgebaut…
Statusinformationen werden eingelesen…
ffmpeg ist schon die neueste Version (7:5.1.6-0+deb12u1).
0 aktualisiert, 0 neu installiert, 0 zu entfernen und 7 nicht aktualisiert.
, StdErr: , Time: 1.3359489440917969
2025-08-22 02:39:54.214377 [Info] - Ffmpeg install complete
2025-08-22 02:39:54.214829 [Info] - Setting Up OctoEverywhere's System Service...
2025-08-22 02:39:54.215014 [Debug] - Service config file contents to write:     # OctoEverywhere For Moonraker
    [Unit]
    Description=OctoEverywhere For Moonraker
    # Start after network.
    After=network-online.target moonraker.service

    [Install]
    WantedBy=multi-user.target

    # Simple service, targeting the user that was used to install the service, simply running our py host script.
    [Service]
    Type=simple
    User=jkuntzsch
    WorkingDirectory=/home/jkuntzsch/octoeverywhere
    ExecStart=/home/jkuntzsch/octoeverywhere-env/bin/python3 -m moonraker_octoeverywhere "eyJDb25maWdGb2xkZXIiOiAiL2hvbWUvamt1bnR6c2NoL3ByaW50ZXJfZGF0YS9jb25maWciLCAiTG9nRm9sZGVyIjogIi9ob21lL2prdW50enNjaC9wcmludGVyX2RhdGEvbG9ncyIsICJMb2NhbEZpbGVTdG9yYWdlUGF0aCI6ICIvaG9tZS9qa3VudHpzY2gvcHJpbnRlcl9kYXRhL29jdG9ldmVyeXdoZXJlLXN0b3JlIiwgIlNlcnZpY2VOYW1lIjogIm9jdG9ldmVyeXdoZXJlIiwgIlZpcnR1YWxFbnZQYXRoIjogIi9ob21lL2prdW50enNjaC9vY3RvZXZlcnl3aGVyZS1lbnYiLCAiUmVwb1Jvb3RGb2xkZXIiOiAiL2hvbWUvamt1bnR6c2NoL29jdG9ldmVyeXdoZXJlIiwgIklzQ29tcGFuaW9uIjogZmFsc2UsICJNb29ucmFrZXJDb25maWdGaWxlIjogIi9ob21lL2prdW50enNjaC9wcmludGVyX2RhdGEvY29uZmlnL21vb25yYWtlci5jb25mIn0="
    Restart=always
    # Since we will only restart on a fatal Logger.Error, set the restart time to be a bit higher, so we don't spin and spam.
    RestartSec=10

2025-08-22 02:39:54.215028 [Debug] - Creating service file /etc/systemd/system/octoeverywhere.service...
2025-08-22 02:39:54.215262 [Debug] - Registering service...
2025-08-22 02:39:54.572184 [Debug] - RunShellCommand - systemctl enable octoeverywhere - return: 0; error - Created symlink /etc/systemd/system/multi-user.target.wants/octoeverywhere.service → /etc/systemd/system/octoeverywhere.service.

2025-08-22 02:39:54.895126 [Debug] - RunShellCommand - systemctl daemon-reload - return: 0; error - 
2025-08-22 02:39:54.895150 [Debug] - Starting service...
2025-08-22 02:39:54.914312 [Debug] - RunShellCommand - systemctl stop octoeverywhere - return: 0; error - 
2025-08-22 02:39:54.939498 [Debug] - RunShellCommand - systemctl start octoeverywhere - return: 0; error - 
2025-08-22 02:39:54.939544 [Info] - Service setup and start complete!
2025-08-22 02:39:54.939590 [Info] - Waiting for the plugin to produce a printer id... (this can take a few seconds)
2025-08-22 02:39:55.340086 [Debug] - Found existing OctoEverywhere service secrets config.
2025-08-22 02:39:55.340450 [Debug] - Service secrets config contents:[secrets]
# Uniquely identifies your printer. Don't change or will have to re-link your printer with the service.
printer_id = SMMF74KKPWTTBIZOHNJFJN46CARO94PF7MGBFU61C426Y9QOKLQYZCVK72TM
# A private key linked to your printer ID. NEVER share this and also don't change it.
private_key = 3206MLBWnpe2sOcJDSsYlJd8h41xvOPORXlSxpoogiELkwKhfUJSaf57mLDTj3R1rwQQOAqaA5J56qds


2025-08-22 02:39:55.437617 [Debug] - OE Printer info API Result: 404
2025-08-22 02:39:55.437700 [Warn] - You're 10 seconds away from free and unlimited printer access from anywhere!
2025-08-22 02:39:55.567743 [Warn] - To securely link this printer to your OctoEverywhere account, go to the following website and use the code.
2025-08-22 02:39:55.567780 [Info] - Website: https://octoeverywhere.com/code
2025-08-22 02:39:55.567796 [Info] - Code:    579868
2025-08-22 02:39:55.567828 [Info] - Waiting for the printer to be linked to your account...
2025-08-22 02:39:55.665949 [Debug] - OE Printer info API Result: 404
2025-08-22 02:39:55.666262 [Info] - Waiting for the plugin to connect to our service...
2025-08-22 02:39:56.702221 [Debug] - OE Printer info API Result: 200
2025-08-22 02:39:56.702302 [Debug] - OE Printer API info; Name:Printer HasOwners:False
2025-08-22 02:39:57.740068 [Debug] - OE Printer info API Result: 200
2025-08-22 02:39:57.740141 [Debug] - OE Printer API info; Name:Printer HasOwners:False
2025-08-22 02:39:58.781592 [Debug] - OE Printer info API Result: 200
2025-08-22 02:39:58.781664 [Debug] - OE Printer API info; Name:Printer HasOwners:False
2025-08-22 02:39:59.817325 [Debug] - OE Printer info API Result: 200
2025-08-22 02:39:59.817393 [Debug] - OE Printer API info; Name:Printer HasOwners:False
2025-08-22 02:40:00.918548 [Debug] - OE Printer info API Result: 200
2025-08-22 02:40:00.918622 [Debug] - OE Printer API info; Name:Printer HasOwners:False
2025-08-22 02:40:01.954799 [Debug] - OE Printer info API Result: 200
2025-08-22 02:40:01.954871 [Debug] - OE Printer API info; Name:Printer HasOwners:False
2025-08-22 02:40:02.992889 [Debug] - OE Printer info API Result: 200
2025-08-22 02:40:02.992958 [Debug] - OE Printer API info; Name:Printer HasOwners:False
2025-08-22 02:40:04.029975 [Debug] - OE Printer info API Result: 200
2025-08-22 02:40:04.030043 [Debug] - OE Printer API info; Name:Printer HasOwners:False
2025-08-22 02:40:05.065423 [Debug] - OE Printer info API Result: 200
2025-08-22 02:40:05.065489 [Debug] - OE Printer API info; Name:Printer HasOwners:False
2025-08-22 02:40:06.102120 [Debug] - OE Printer info API Result: 200
2025-08-22 02:40:06.102186 [Debug] - OE Printer API info; Name:Printer HasOwners:False
2025-08-22 02:40:07.139006 [Debug] - OE Printer info API Result: 200
2025-08-22 02:40:07.139075 [Debug] - OE Printer API info; Name:Printer HasOwners:False
2025-08-22 02:40:08.178816 [Debug] - OE Printer info API Result: 200
2025-08-22 02:40:08.178886 [Debug] - OE Printer API info; Name:Printer HasOwners:False
2025-08-22 02:40:09.215594 [Debug] - OE Printer info API Result: 200
2025-08-22 02:40:09.215658 [Debug] - OE Printer API info; Name:Printer HasOwners:False
2025-08-22 02:40:10.251066 [Debug] - OE Printer info API Result: 200
2025-08-22 02:40:10.251131 [Debug] - OE Printer API info; Name:Printer HasOwners:False
2025-08-22 02:40:11.287556 [Debug] - OE Printer info API Result: 200
2025-08-22 02:40:11.287623 [Debug] - OE Printer API info; Name:Printer HasOwners:False
2025-08-22 02:40:12.325004 [Debug] - OE Printer info API Result: 200
2025-08-22 02:40:12.325067 [Debug] - OE Printer API info; Name:Printer HasOwners:False
2025-08-22 02:40:13.362181 [Debug] - OE Printer info API Result: 200
2025-08-22 02:40:13.362246 [Debug] - OE Printer API info; Name:Printer HasOwners:False
2025-08-22 02:40:14.426458 [Debug] - OE Printer info API Result: 200
2025-08-22 02:40:14.426527 [Debug] - OE Printer API info; Name:Printer HasOwners:False
2025-08-22 02:40:15.925341 [Debug] - OE Printer info API Result: 200
2025-08-22 02:40:15.925426 [Debug] - OE Printer API info; Name:Printer HasOwners:False
2025-08-22 02:40:16.961347 [Debug] - OE Printer info API Result: 200
2025-08-22 02:40:16.961417 [Debug] - OE Printer API info; Name:Printer HasOwners:False
2025-08-22 02:40:17.998084 [Debug] - OE Printer info API Result: 200
2025-08-22 02:40:17.998166 [Debug] - OE Printer API info; Name:Printer HasOwners:False
2025-08-22 02:40:19.034780 [Debug] - OE Printer info API Result: 200
2025-08-22 02:40:19.034847 [Debug] - OE Printer API info; Name:Printer HasOwners:False
2025-08-22 02:40:20.428292 [Debug] - OE Printer info API Result: 200
2025-08-22 02:40:20.428360 [Debug] - OE Printer API info; Name:Printer HasOwners:False
2025-08-22 02:40:21.463916 [Debug] - OE Printer info API Result: 200
2025-08-22 02:40:21.463985 [Debug] - OE Printer API info; Name:Printer HasOwners:False
2025-08-22 02:40:22.501708 [Debug] - OE Printer info API Result: 200
2025-08-22 02:40:22.501786 [Debug] - OE Printer API info; Name:Printer HasOwners:False
2025-08-22 02:40:23.537911 [Debug] - OE Printer info API Result: 200
2025-08-22 02:40:23.537977 [Debug] - OE Printer API info; Name:Printer HasOwners:False
2025-08-22 02:40:24.576168 [Debug] - OE Printer info API Result: 200
2025-08-22 02:40:24.576230 [Debug] - OE Printer API info; Name:Printer HasOwners:False
2025-08-22 02:40:25.610993 [Debug] - OE Printer info API Result: 200
2025-08-22 02:40:25.611058 [Debug] - OE Printer API info; Name:Printer HasOwners:False
2025-08-22 02:40:26.646856 [Debug] - OE Printer info API Result: 200
2025-08-22 02:40:26.646924 [Debug] - OE Printer API info; Name:Printer HasOwners:False
2025-08-22 02:40:27.681541 [Debug] - OE Printer info API Result: 200
2025-08-22 02:40:27.681604 [Debug] - OE Printer API info; Name:Printer HasOwners:False
2025-08-22 02:40:28.717198 [Debug] - OE Printer info API Result: 200
2025-08-22 02:40:28.717271 [Debug] - OE Printer API info; Name:Printer HasOwners:False
2025-08-22 02:40:29.754597 [Debug] - OE Printer info API Result: 200
2025-08-22 02:40:29.754665 [Debug] - OE Printer API info; Name:Printer HasOwners:False
2025-08-22 02:40:30.789622 [Debug] - OE Printer info API Result: 200
2025-08-22 02:40:30.789687 [Debug] - OE Printer API info; Name:Printer HasOwners:False
2025-08-22 02:40:31.827313 [Debug] - OE Printer info API Result: 200
2025-08-22 02:40:31.827517 [Debug] - OE Printer API info; Name:Printer HasOwners:False
2025-08-22 02:40:32.864479 [Debug] - OE Printer info API Result: 200
2025-08-22 02:40:32.864547 [Debug] - OE Printer API info; Name:Printer HasOwners:False
2025-08-22 02:40:33.900835 [Debug] - OE Printer info API Result: 200
2025-08-22 02:40:33.900900 [Debug] - OE Printer API info; Name:Printer HasOwners:False
2025-08-22 02:40:34.938293 [Debug] - OE Printer info API Result: 200
2025-08-22 02:40:34.938357 [Debug] - OE Printer API info; Name:Printer HasOwners:False
2025-08-22 02:40:36.437475 [Debug] - OE Printer info API Result: 200
2025-08-22 02:40:36.437546 [Debug] - OE Printer API info; Name:Printer HasOwners:False
2025-08-22 02:40:37.472925 [Debug] - OE Printer info API Result: 200
2025-08-22 02:40:37.472988 [Debug] - OE Printer API info; Name:Printer HasOwners:False
2025-08-22 02:40:38.509708 [Debug] - OE Printer info API Result: 200
2025-08-22 02:40:38.509778 [Debug] - OE Printer API info; Name:Printer HasOwners:False
2025-08-22 02:40:39.545738 [Debug] - OE Printer info API Result: 200
2025-08-22 02:40:39.545859 [Debug] - OE Printer API info; Name:Printer HasOwners:False
2025-08-22 02:40:40.581141 [Debug] - OE Printer info API Result: 200
2025-08-22 02:40:40.581206 [Debug] - OE Printer API info; Name:Printer HasOwners:False
2025-08-22 02:40:41.618146 [Debug] - OE Printer info API Result: 200
2025-08-22 02:40:41.618212 [Debug] - OE Printer API info; Name:Printer HasOwners:False
2025-08-22 02:40:42.656250 [Debug] - OE Printer info API Result: 200
2025-08-22 02:40:42.656313 [Debug] - OE Printer API info; Name:Printer HasOwners:False
2025-08-22 02:40:43.940708 [Debug] - OE Printer info API Result: 200
2025-08-22 02:40:43.940778 [Debug] - OE Printer API info; Name:Printer HasOwners:False
2025-08-22 02:40:45.442528 [Debug] - OE Printer info API Result: 200
2025-08-22 02:40:45.442596 [Debug] - OE Printer API info; Name:Printer HasOwners:False
2025-08-22 02:40:46.477972 [Debug] - OE Printer info API Result: 200
2025-08-22 02:40:46.478037 [Debug] - OE Printer API info; Name:Printer HasOwners:False
2025-08-22 02:40:47.516079 [Debug] - OE Printer info API Result: 200
2025-08-22 02:40:47.516148 [Debug] - OE Printer API info; Name:Printer HasOwners:False
2025-08-22 02:40:48.553174 [Debug] - OE Printer info API Result: 200
2025-08-22 02:40:48.553240 [Debug] - OE Printer API info; Name:Printer HasOwners:False
2025-08-22 02:40:49.589636 [Debug] - OE Printer info API Result: 200
2025-08-22 02:40:49.589702 [Debug] - OE Printer API info; Name:Printer HasOwners:False
2025-08-22 02:40:50.625901 [Debug] - OE Printer info API Result: 200
2025-08-22 02:40:50.625964 [Debug] - OE Printer API info; Name:Printer HasOwners:False
2025-08-22 02:40:51.660530 [Debug] - OE Printer info API Result: 200
2025-08-22 02:40:51.660591 [Debug] - OE Printer API info; Name:Printer HasOwners:False
2025-08-22 02:40:52.698238 [Debug] - OE Printer info API Result: 200
2025-08-22 02:40:52.698300 [Debug] - OE Printer API info; Name:Printer HasOwners:False
2025-08-22 02:40:53.733683 [Debug] - OE Printer info API Result: 200
2025-08-22 02:40:53.733746 [Debug] - OE Printer API info; Name:Printer HasOwners:False
2025-08-22 02:40:54.769336 [Debug] - OE Printer info API Result: 200
2025-08-22 02:40:54.769398 [Debug] - OE Printer API info; Name:Printer HasOwners:False
2025-08-22 02:40:55.805818 [Debug] - OE Printer info API Result: 200
2025-08-22 02:40:55.805889 [Debug] - OE Printer API info; Name:Printer HasOwners:False
2025-08-22 02:40:55.806190 [Warn] - It doesn't look like this printer has been connected to your account yet.
2025-08-22 02:50:13.563133 [Warn] - To securely link this printer to your OctoEverywhere account, go to the following website and use the code.
2025-08-22 02:50:13.563502 [Info] - Website: https://octoeverywhere.com/code
2025-08-22 02:50:13.563758 [Info] - Code:    039076
2025-08-22 02:50:13.602229 [Debug] - OE Printer info API Result: 200
2025-08-22 02:50:13.602286 [Debug] - OE Printer API info; Name:V3-SE-Klipper HasOwners:True
2025-08-22 02:50:13.602634 [Info] - Success! This printer is securely connected to your account as 'V3-SE-Klipper'
2025-08-22 02:50:13.603427 [Debug] - Installer Phase: Success, OsType: 1, Target: LocalMoonraker
2025-08-22 02:50:13.603751 [Info] -             ~~~ OctoEverywhere Setup Complete ~~~            
2025-08-22 02:50:13.603846 [Warn] -   You Can Access Your Printer Anytime From OctoEverywhere.com
2025-08-22 02:50:13.603910 [Info] -                    Welcome To Our Community                  
2025-08-22 02:50:13.603992 [Error] -                             <3                               
